[2023-04-25 19:01:57] local.ERROR: SQLSTATE[22P02]: Invalid text representation: 7 ERROR:  invalid input syntax for type uuid: "1"
CONTEXT:  unnamed portal parameter $5 = '...' (SQL: insert into "activity_log" ("log_name", "properties", "batch_uuid", "event", "subject_id", "subject_type", "description", "updated_at", "created_at") values (default, {"attributes":{"firstname":"Constance","lastname":"Ratke","email":"madge87@example.com","email_verified_at":"2023-04-25T19:01:57.000000Z","editing_blocked":false,"is_blocked":false,"is_seaman":false,"is_office_employee":true,"password":"$2y$10$92IXUNpkjO0rOQ5byMi.Ye4oKoEa3Ro9llC\/.og\/at2.uheWG\/igi","position":null,"slug":"constance_ratke","remember_token":"gtbwGPWB1P","created_at":"2023-04-25T19:01:57.000000Z","updated_at":"2023-04-25T19:01:57.000000Z","deleted_at":null}}, ?, created, 1, App\Models\User, created, 2023-04-25 19:01:57, 2023-04-25 19:01:57) returning "id") {"exception":"[object] (Illuminate\\Database\\QueryException(code: 22P02): SQLSTATE[22P02]: Invalid text representation: 7 ERROR:  invalid input syntax for type uuid: \"1\"
CONTEXT:  unnamed portal parameter $5 = '...' (SQL: insert into \"activity_log\" (\"log_name\", \"properties\", \"batch_uuid\", \"event\", \"subject_id\", \"subject_type\", \"description\", \"updated_at\", \"created_at\") values (default, {\"attributes\":{\"firstname\":\"Constance\",\"lastname\":\"Ratke\",\"email\":\"madge87@example.com\",\"email_verified_at\":\"2023-04-25T19:01:57.000000Z\",\"editing_blocked\":false,\"is_blocked\":false,\"is_seaman\":false,\"is_office_employee\":true,\"password\":\"$2y$10$92IXUNpkjO0rOQ5byMi.Ye4oKoEa3Ro9llC\\/.og\\/at2.uheWG\\/igi\",\"position\":null,\"slug\":\"constance_ratke\",\"remember_token\":\"gtbwGPWB1P\",\"created_at\":\"2023-04-25T19:01:57.000000Z\",\"updated_at\":\"2023-04-25T19:01:57.000000Z\",\"deleted_at\":null}}, ?, created, 1, App\\Models\\User, created, 2023-04-25 19:01:57, 2023-04-25 19:01:57) returning \"id\") at /var/www/html/vendor/laravel/framework/src/Illuminate/Database/Connection.php:760)
[stacktrace]
#0 /var/www/html/vendor/laravel/framework/src/Illuminate/Database/Connection.php(720): Illuminate\\Database\\Connection->runQueryCallback()
#1 /var/www/html/vendor/laravel/framework/src/Illuminate/Database/Connection.php(422): Illuminate\\Database\\Connection->run()
#2 /var/www/html/vendor/laravel/framework/src/Illuminate/Database/Connection.php(392): Illuminate\\Database\\Connection->select()
#3 /var/www/html/vendor/laravel/framework/src/Illuminate/Database/Query/Processors/PostgresProcessor.php(24): Illuminate\\Database\\Connection->selectFromWriteConnection()
#4 /var/www/html/vendor/laravel/framework/src/Illuminate/Database/Query/Builder.php(3322): Illuminate\\Database\\Query\\Processors\\PostgresProcessor->processInsertGetId()
#5 /var/www/html/vendor/laravel/framework/src/Illuminate/Database/Eloquent/Builder.php(1869): Illuminate\\Database\\Query\\Builder->insertGetId()
#6 /var/www/html/vendor/laravel/framework/src/Illuminate/Database/Eloquent/Model.php(1330): Illuminate\\Database\\Eloquent\\Builder->__call()
#7 /var/www/html/vendor/laravel/framework/src/Illuminate/Database/Eloquent/Model.php(1295): Illuminate\\Database\\Eloquent\\Model->insertAndSetId()
#8 /var/www/html/vendor/laravel/framework/src/Illuminate/Database/Eloquent/Model.php(1138): Illuminate\\Database\\Eloquent\\Model->performInsert()
#9 /var/www/html/vendor/spatie/laravel-activitylog/src/ActivityLogger.php(174): Illuminate\\Database\\Eloquent\\Model->save()
#10 /var/www/html/vendor/spatie/laravel-activitylog/src/Traits/LogsActivity.php(88): Spatie\\Activitylog\\ActivityLogger->log()
#11 /var/www/html/vendor/laravel/framework/src/Illuminate/Events/Dispatcher.php(421): App\\Models\\User::Spatie\\Activitylog\\Traits\\{closure}()
#12 /var/www/html/vendor/laravel/framework/src/Illuminate/Events/Dispatcher.php(249): Illuminate\\Events\\Dispatcher->Illuminate\\Events\\{closure}()
#13 /var/www/html/vendor/laravel/framework/src/Illuminate/Database/Eloquent/Concerns/HasEvents.php(189): Illuminate\\Events\\Dispatcher->dispatch()
#14 /var/www/html/vendor/laravel/framework/src/Illuminate/Database/Eloquent/Model.php(1316): Illuminate\\Database\\Eloquent\\Model->fireModelEvent()
#15 /var/www/html/vendor/laravel/framework/src/Illuminate/Database/Eloquent/Model.php(1138): Illuminate\\Database\\Eloquent\\Model->performInsert()
#16 /var/www/html/vendor/laravel/framework/src/Illuminate/Database/Eloquent/Factories/Factory.php(330): Illuminate\\Database\\Eloquent\\Model->save()
#17 /var/www/html/vendor/laravel/framework/src/Illuminate/Collections/Traits/EnumeratesValues.php(235): Illuminate\\Database\\Eloquent\\Factories\\Factory->Illuminate\\Database\\Eloquent\\Factories\\{closure}()
#18 /var/www/html/vendor/laravel/framework/src/Illuminate/Database/Eloquent/Factories/Factory.php(339): Illuminate\\Support\\Collection->each()
#19 /var/www/html/vendor/laravel/framework/src/Illuminate/Database/Eloquent/Factories/Factory.php(283): Illuminate\\Database\\Eloquent\\Factories\\Factory->store()
#20 /var/www/html/database/seeders/DatabaseSeeder.php(18): Illuminate\\Database\\Eloquent\\Factories\\Factory->create()
#21 /var/www/html/vendor/laravel/framework/src/Illuminate/Container/BoundMethod.php(36): Database\\Seeders\\DatabaseSeeder->run()
#22 /var/www/html/vendor/laravel/framework/src/Illuminate/Container/Util.php(41): Illuminate\\Container\\BoundMethod::Illuminate\\Container\\{closure}()
#23 /var/www/html/vendor/laravel/framework/src/Illuminate/Container/BoundMethod.php(93): Illuminate\\Container\\Util::unwrapIfClosure()
#24 /var/www/html/vendor/laravel/framework/src/Illuminate/Container/BoundMethod.php(37): Illuminate\\Container\\BoundMethod::callBoundMethod()
#25 /var/www/html/vendor/laravel/framework/src/Illuminate/Container/Container.php(661): Illuminate\\Container\\BoundMethod::call()
#26 /var/www/html/vendor/laravel/framework/src/Illuminate/Database/Seeder.php(184): Illuminate\\Container\\Container->call()
#27 /var/www/html/vendor/laravel/framework/src/Illuminate/Database/Seeder.php(193): Illuminate\\Database\\Seeder->Illuminate\\Database\\{closure}()
#28 /var/www/html/vendor/laravel/framework/src/Illuminate/Database/Console/Seeds/SeedCommand.php(81): Illuminate\\Database\\Seeder->__invoke()
#29 /var/www/html/vendor/laravel/framework/src/Illuminate/Database/Eloquent/Concerns/GuardsAttributes.php(155): Illuminate\\Database\\Console\\Seeds\\SeedCommand->Illuminate\\Database\\Console\\Seeds\\{closure}()
#30 /var/www/html/vendor/laravel/framework/src/Illuminate/Database/Console/Seeds/SeedCommand.php(82): Illuminate\\Database\\Eloquent\\Model::unguarded()
#31 /var/www/html/vendor/laravel/framework/src/Illuminate/Container/BoundMethod.php(36): Illuminate\\Database\\Console\\Seeds\\SeedCommand->handle()
#32 /var/www/html/vendor/laravel/framework/src/Illuminate/Container/Util.php(41): Illuminate\\Container\\BoundMethod::Illuminate\\Container\\{closure}()
#33 /var/www/html/vendor/laravel/framework/src/Illuminate/Container/BoundMethod.php(93): Illuminate\\Container\\Util::unwrapIfClosure()
#34 /var/www/html/vendor/laravel/framework/src/Illuminate/Container/BoundMethod.php(37): Illuminate\\Container\\BoundMethod::callBoundMethod()
#35 /var/www/html/vendor/laravel/framework/src/Illuminate/Container/Container.php(661): Illuminate\\Container\\BoundMethod::call()
#36 /var/www/html/vendor/laravel/framework/src/Illuminate/Console/Command.php(183): Illuminate\\Container\\Container->call()
#37 /var/www/html/vendor/symfony/console/Command/Command.php(312): Illuminate\\Console\\Command->execute()
#38 /var/www/html/vendor/laravel/framework/src/Illuminate/Console/Command.php(153): Symfony\\Component\\Console\\Command\\Command->run()
#39 /var/www/html/vendor/laravel/framework/src/Illuminate/Console/Concerns/CallsCommands.php(68): Illuminate\\Console\\Command->run()
#40 /var/www/html/vendor/laravel/framework/src/Illuminate/Console/Concerns/CallsCommands.php(28): Illuminate\\Console\\Command->runCommand()
#41 /var/www/html/vendor/laravel/framework/src/Illuminate/Database/Console/Migrations/FreshCommand.php(94): Illuminate\\Console\\Command->call()
#42 /var/www/html/vendor/laravel/framework/src/Illuminate/Database/Console/Migrations/FreshCommand.php(69): Illuminate\\Database\\Console\\Migrations\\FreshCommand->runSeeder()
#43 /var/www/html/vendor/laravel/framework/src/Illuminate/Container/BoundMethod.php(36): Illuminate\\Database\\Console\\Migrations\\FreshCommand->handle()
#44 /var/www/html/vendor/laravel/framework/src/Illuminate/Container/Util.php(41): Illuminate\\Container\\BoundMethod::Illuminate\\Container\\{closure}()
#45 /var/www/html/vendor/laravel/framework/src/Illuminate/Container/BoundMethod.php(93): Illuminate\\Container\\Util::unwrapIfClosure()
#46 /var/www/html/vendor/laravel/framework/src/Illuminate/Container/BoundMethod.php(37): Illuminate\\Container\\BoundMethod::callBoundMethod()
#47 /var/www/html/vendor/laravel/framework/src/Illuminate/Container/Container.php(661): Illuminate\\Container\\BoundMethod::call()
#48 /var/www/html/vendor/laravel/framework/src/Illuminate/Console/Command.php(183): Illuminate\\Container\\Container->call()
#49 /var/www/html/vendor/symfony/console/Command/Command.php(312): Illuminate\\Console\\Command->execute()
#50 /var/www/html/vendor/laravel/framework/src/Illuminate/Console/Command.php(153): Symfony\\Component\\Console\\Command\\Command->run()
#51 /var/www/html/vendor/symfony/console/Application.php(1022): Illuminate\\Console\\Command->run()
#52 /var/www/html/vendor/symfony/console/Application.php(314): Symfony\\Component\\Console\\Application->doRunCommand()
#53 /var/www/html/vendor/symfony/console/Application.php(168): Symfony\\Component\\Console\\Application->doRun()
#54 /var/www/html/vendor/laravel/framework/src/Illuminate/Console/Application.php(102): Symfony\\Component\\Console\\Application->run()
#55 /var/www/html/vendor/laravel/framework/src/Illuminate/Foundation/Console/Kernel.php(155): Illuminate\\Console\\Application->run()
#56 /var/www/html/artisan(37): Illuminate\\Foundation\\Console\\Kernel->handle()
#57 {main}

[previous exception] [object] (PDOException(code: 22P02): SQLSTATE[22P02]: Invalid text representation: 7 ERROR:  invalid input syntax for type uuid: \"1\"
CONTEXT:  unnamed portal parameter $5 = '...' at /var/www/html/vendor/laravel/framework/src/Illuminate/Database/Connection.php:419)
[stacktrace]
#0 /var/www/html/vendor/laravel/framework/src/Illuminate/Database/Connection.php(419): PDOStatement->execute()
#1 /var/www/html/vendor/laravel/framework/src/Illuminate/Database/Connection.php(753): Illuminate\\Database\\Connection->Illuminate\\Database\\{closure}()
#2 /var/www/html/vendor/laravel/framework/src/Illuminate/Database/Connection.php(720): Illuminate\\Database\\Connection->runQueryCallback()
#3 /var/www/html/vendor/laravel/framework/src/Illuminate/Database/Connection.php(422): Illuminate\\Database\\Connection->run()
#4 /var/www/html/vendor/laravel/framework/src/Illuminate/Database/Connection.php(392): Illuminate\\Database\\Connection->select()
#5 /var/www/html/vendor/laravel/framework/src/Illuminate/Database/Query/Processors/PostgresProcessor.php(24): Illuminate\\Database\\Connection->selectFromWriteConnection()
#6 /var/www/html/vendor/laravel/framework/src/Illuminate/Database/Query/Builder.php(3322): Illuminate\\Database\\Query\\Processors\\PostgresProcessor->processInsertGetId()
#7 /var/www/html/vendor/laravel/framework/src/Illuminate/Database/Eloquent/Builder.php(1869): Illuminate\\Database\\Query\\Builder->insertGetId()
#8 /var/www/html/vendor/laravel/framework/src/Illuminate/Database/Eloquent/Model.php(1330): Illuminate\\Database\\Eloquent\\Builder->__call()
#9 /var/www/html/vendor/laravel/framework/src/Illuminate/Database/Eloquent/Model.php(1295): Illuminate\\Database\\Eloquent\\Model->insertAndSetId()
#10 /var/www/html/vendor/laravel/framework/src/Illuminate/Database/Eloquent/Model.php(1138): Illuminate\\Database\\Eloquent\\Model->performInsert()
#11 /var/www/html/vendor/spatie/laravel-activitylog/src/ActivityLogger.php(174): Illuminate\\Database\\Eloquent\\Model->save()
#12 /var/www/html/vendor/spatie/laravel-activitylog/src/Traits/LogsActivity.php(88): Spatie\\Activitylog\\ActivityLogger->log()
#13 /var/www/html/vendor/laravel/framework/src/Illuminate/Events/Dispatcher.php(421): App\\Models\\User::Spatie\\Activitylog\\Traits\\{closure}()
#14 /var/www/html/vendor/laravel/framework/src/Illuminate/Events/Dispatcher.php(249): Illuminate\\Events\\Dispatcher->Illuminate\\Events\\{closure}()
#15 /var/www/html/vendor/laravel/framework/src/Illuminate/Database/Eloquent/Concerns/HasEvents.php(189): Illuminate\\Events\\Dispatcher->dispatch()
#16 /var/www/html/vendor/laravel/framework/src/Illuminate/Database/Eloquent/Model.php(1316): Illuminate\\Database\\Eloquent\\Model->fireModelEvent()
#17 /var/www/html/vendor/laravel/framework/src/Illuminate/Database/Eloquent/Model.php(1138): Illuminate\\Database\\Eloquent\\Model->performInsert()
#18 /var/www/html/vendor/laravel/framework/src/Illuminate/Database/Eloquent/Factories/Factory.php(330): Illuminate\\Database\\Eloquent\\Model->save()
#19 /var/www/html/vendor/laravel/framework/src/Illuminate/Collections/Traits/EnumeratesValues.php(235): Illuminate\\Database\\Eloquent\\Factories\\Factory->Illuminate\\Database\\Eloquent\\Factories\\{closure}()
#20 /var/www/html/vendor/laravel/framework/src/Illuminate/Database/Eloquent/Factories/Factory.php(339): Illuminate\\Support\\Collection->each()
#21 /var/www/html/vendor/laravel/framework/src/Illuminate/Database/Eloquent/Factories/Factory.php(283): Illuminate\\Database\\Eloquent\\Factories\\Factory->store()
#22 /var/www/html/database/seeders/DatabaseSeeder.php(18): Illuminate\\Database\\Eloquent\\Factories\\Factory->create()
#23 /var/www/html/vendor/laravel/framework/src/Illuminate/Container/BoundMethod.php(36): Database\\Seeders\\DatabaseSeeder->run()
#24 /var/www/html/vendor/laravel/framework/src/Illuminate/Container/Util.php(41): Illuminate\\Container\\BoundMethod::Illuminate\\Container\\{closure}()
#25 /var/www/html/vendor/laravel/framework/src/Illuminate/Container/BoundMethod.php(93): Illuminate\\Container\\Util::unwrapIfClosure()
#26 /var/www/html/vendor/laravel/framework/src/Illuminate/Container/BoundMethod.php(37): Illuminate\\Container\\BoundMethod::callBoundMethod()
#27 /var/www/html/vendor/laravel/framework/src/Illuminate/Container/Container.php(661): Illuminate\\Container\\BoundMethod::call()
#28 /var/www/html/vendor/laravel/framework/src/Illuminate/Database/Seeder.php(184): Illuminate\\Container\\Container->call()
#29 /var/www/html/vendor/laravel/framework/src/Illuminate/Database/Seeder.php(193): Illuminate\\Database\\Seeder->Illuminate\\Database\\{closure}()
#30 /var/www/html/vendor/laravel/framework/src/Illuminate/Database/Console/Seeds/SeedCommand.php(81): Illuminate\\Database\\Seeder->__invoke()
#31 /var/www/html/vendor/laravel/framework/src/Illuminate/Database/Eloquent/Concerns/GuardsAttributes.php(155): Illuminate\\Database\\Console\\Seeds\\SeedCommand->Illuminate\\Database\\Console\\Seeds\\{closure}()
#32 /var/www/html/vendor/laravel/framework/src/Illuminate/Database/Console/Seeds/SeedCommand.php(82): Illuminate\\Database\\Eloquent\\Model::unguarded()
#33 /var/www/html/vendor/laravel/framework/src/Illuminate/Container/BoundMethod.php(36): Illuminate\\Database\\Console\\Seeds\\SeedCommand->handle()
#34 /var/www/html/vendor/laravel/framework/src/Illuminate/Container/Util.php(41): Illuminate\\Container\\BoundMethod::Illuminate\\Container\\{closure}()
#35 /var/www/html/vendor/laravel/framework/src/Illuminate/Container/BoundMethod.php(93): Illuminate\\Container\\Util::unwrapIfClosure()
#36 /var/www/html/vendor/laravel/framework/src/Illuminate/Container/BoundMethod.php(37): Illuminate\\Container\\BoundMethod::callBoundMethod()
#37 /var/www/html/vendor/laravel/framework/src/Illuminate/Container/Container.php(661): Illuminate\\Container\\BoundMethod::call()
#38 /var/www/html/vendor/laravel/framework/src/Illuminate/Console/Command.php(183): Illuminate\\Container\\Container->call()
#39 /var/www/html/vendor/symfony/console/Command/Command.php(312): Illuminate\\Console\\Command->execute()
#40 /var/www/html/vendor/laravel/framework/src/Illuminate/Console/Command.php(153): Symfony\\Component\\Console\\Command\\Command->run()
#41 /var/www/html/vendor/laravel/framework/src/Illuminate/Console/Concerns/CallsCommands.php(68): Illuminate\\Console\\Command->run()
#42 /var/www/html/vendor/laravel/framework/src/Illuminate/Console/Concerns/CallsCommands.php(28): Illuminate\\Console\\Command->runCommand()
#43 /var/www/html/vendor/laravel/framework/src/Illuminate/Database/Console/Migrations/FreshCommand.php(94): Illuminate\\Console\\Command->call()
#44 /var/www/html/vendor/laravel/framework/src/Illuminate/Database/Console/Migrations/FreshCommand.php(69): Illuminate\\Database\\Console\\Migrations\\FreshCommand->runSeeder()
#45 /var/www/html/vendor/laravel/framework/src/Illuminate/Container/BoundMethod.php(36): Illuminate\\Database\\Console\\Migrations\\FreshCommand->handle()
#46 /var/www/html/vendor/laravel/framework/src/Illuminate/Container/Util.php(41): Illuminate\\Container\\BoundMethod::Illuminate\\Container\\{closure}()
#47 /var/www/html/vendor/laravel/framework/src/Illuminate/Container/BoundMethod.php(93): Illuminate\\Container\\Util::unwrapIfClosure()
#48 /var/www/html/vendor/laravel/framework/src/Illuminate/Container/BoundMethod.php(37): Illuminate\\Container\\BoundMethod::callBoundMethod()
#49 /var/www/html/vendor/laravel/framework/src/Illuminate/Container/Container.php(661): Illuminate\\Container\\BoundMethod::call()
#50 /var/www/html/vendor/laravel/framework/src/Illuminate/Console/Command.php(183): Illuminate\\Container\\Container->call()
#51 /var/www/html/vendor/symfony/console/Command/Command.php(312): Illuminate\\Console\\Command->execute()
#52 /var/www/html/vendor/laravel/framework/src/Illuminate/Console/Command.php(153): Symfony\\Component\\Console\\Command\\Command->run()
#53 /var/www/html/vendor/symfony/console/Application.php(1022): Illuminate\\Console\\Command->run()
#54 /var/www/html/vendor/symfony/console/Application.php(314): Symfony\\Component\\Console\\Application->doRunCommand()
#55 /var/www/html/vendor/symfony/console/Application.php(168): Symfony\\Component\\Console\\Application->doRun()
#56 /var/www/html/vendor/laravel/framework/src/Illuminate/Console/Application.php(102): Symfony\\Component\\Console\\Application->run()
#57 /var/www/html/vendor/laravel/framework/src/Illuminate/Foundation/Console/Kernel.php(155): Illuminate\\Console\\Application->run()
#58 /var/www/html/artisan(37): Illuminate\\Foundation\\Console\\Kernel->handle()
#59 {main}
"} 
[2023-04-25 19:35:16] local.ERROR: Class "Backpack\CRUD\app\Http\Controllers\CrudController" not found {"exception":"[object] (Error(code: 0): Class \"Backpack\\CRUD\\app\\Http\\Controllers\\CrudController\" not found at /var/www/html/app/Http/Controllers/Admin/AuthenticationLogCrudController.php:15)
[stacktrace]
#0 /var/www/html/vendor/composer/ClassLoader.php(578): include()
#1 /var/www/html/vendor/composer/ClassLoader.php(432): Composer\\Autoload\\ClassLoader::Composer\\Autoload\\{closure}()
#2 [internal function]: Composer\\Autoload\\ClassLoader->loadClass()
#3 /var/www/html/vendor/zircote/swagger-php/src/Analysers/ReflectionAnalyser.php(82): class_exists()
#4 /var/www/html/vendor/zircote/swagger-php/src/Analysers/ReflectionAnalyser.php(57): OpenApi\\Analysers\\ReflectionAnalyser->analyzeFqdn()
#5 /var/www/html/vendor/zircote/swagger-php/src/Generator.php(493): OpenApi\\Analysers\\ReflectionAnalyser->fromFile()
#6 /var/www/html/vendor/zircote/swagger-php/src/Generator.php(455): OpenApi\\Generator->scanSources()
#7 /var/www/html/vendor/darkaonline/l5-swagger/src/Generator.php(191): OpenApi\\Generator->generate()
#8 /var/www/html/vendor/darkaonline/l5-swagger/src/Generator.php(132): L5Swagger\\Generator->scanFilesForDocumentation()
#9 /var/www/html/vendor/darkaonline/l5-swagger/src/Console/GenerateDocsCommand.php(72): L5Swagger\\Generator->generateDocs()
#10 /var/www/html/vendor/darkaonline/l5-swagger/src/Console/GenerateDocsCommand.php(58): L5Swagger\\Console\\GenerateDocsCommand->generateDocumentation()
#11 /var/www/html/vendor/laravel/framework/src/Illuminate/Container/BoundMethod.php(36): L5Swagger\\Console\\GenerateDocsCommand->handle()
#12 /var/www/html/vendor/laravel/framework/src/Illuminate/Container/Util.php(41): Illuminate\\Container\\BoundMethod::Illuminate\\Container\\{closure}()
#13 /var/www/html/vendor/laravel/framework/src/Illuminate/Container/BoundMethod.php(93): Illuminate\\Container\\Util::unwrapIfClosure()
#14 /var/www/html/vendor/laravel/framework/src/Illuminate/Container/BoundMethod.php(37): Illuminate\\Container\\BoundMethod::callBoundMethod()
#15 /var/www/html/vendor/laravel/framework/src/Illuminate/Container/Container.php(661): Illuminate\\Container\\BoundMethod::call()
#16 /var/www/html/vendor/laravel/framework/src/Illuminate/Console/Command.php(183): Illuminate\\Container\\Container->call()
#17 /var/www/html/vendor/symfony/console/Command/Command.php(312): Illuminate\\Console\\Command->execute()
#18 /var/www/html/vendor/laravel/framework/src/Illuminate/Console/Command.php(153): Symfony\\Component\\Console\\Command\\Command->run()
#19 /var/www/html/vendor/symfony/console/Application.php(1022): Illuminate\\Console\\Command->run()
#20 /var/www/html/vendor/symfony/console/Application.php(314): Symfony\\Component\\Console\\Application->doRunCommand()
#21 /var/www/html/vendor/symfony/console/Application.php(168): Symfony\\Component\\Console\\Application->doRun()
#22 /var/www/html/vendor/laravel/framework/src/Illuminate/Console/Application.php(102): Symfony\\Component\\Console\\Application->run()
#23 /var/www/html/vendor/laravel/framework/src/Illuminate/Foundation/Console/Kernel.php(155): Illuminate\\Console\\Application->run()
#24 /var/www/html/artisan(37): Illuminate\\Foundation\\Console\\Kernel->handle()
#25 {main}
"} 
[2023-04-25 20:00:37] local.ERROR: [Creation Error] An error occurred while instantiating the annotation @OA\Parameter declared on \App\Http\Controllers\Api\UserController->index() in /var/www/html/app/Http/Controllers/Api/UserController.php on line 42: "Unexpected field "property" for @OA\Parameter(), expecting "x", "ref", "parameter", "name", "in", "description", "required", "deprecated", "allowEmptyValue", "style", "explode", "allowReserved", "schema", "example", "examples", "content", "matrix", "label", "form", "simple", "spaceDelimited", "pipeDelimited", "deepObject" in \App\Http\Controllers\Api\UserController->index() in /var/www/html/app/Http/Controllers/Api/UserController.php on line 42".; file=/var/www/html/app/Http/Controllers/Api/UserController.php {"exception":"[object] (ErrorException(code: 0): [Creation Error] An error occurred while instantiating the annotation @OA\\Parameter declared on \\App\\Http\\Controllers\\Api\\UserController->index() in /var/www/html/app/Http/Controllers/Api/UserController.php on line 42: \"Unexpected field \"property\" for @OA\\Parameter(), expecting \"x\", \"ref\", \"parameter\", \"name\", \"in\", \"description\", \"required\", \"deprecated\", \"allowEmptyValue\", \"style\", \"explode\", \"allowReserved\", \"schema\", \"example\", \"examples\", \"content\", \"matrix\", \"label\", \"form\", \"simple\", \"spaceDelimited\", \"pipeDelimited\", \"deepObject\" in \\App\\Http\\Controllers\\Api\\UserController->index() in /var/www/html/app/Http/Controllers/Api/UserController.php on line 42\".; file=/var/www/html/app/Http/Controllers/Api/UserController.php at /var/www/html/vendor/zircote/swagger-php/src/Loggers/DefaultLogger.php:31)
[stacktrace]
#0 /var/www/html/vendor/laravel/framework/src/Illuminate/Foundation/Bootstrap/HandleExceptions.php(270): Illuminate\\Foundation\\Bootstrap\\HandleExceptions->handleError()
#1 [internal function]: Illuminate\\Foundation\\Bootstrap\\HandleExceptions->Illuminate\\Foundation\\Bootstrap\\{closure}()
#2 /var/www/html/vendor/zircote/swagger-php/src/Loggers/DefaultLogger.php(31): trigger_error()
#3 /var/www/html/vendor/psr/log/src/LoggerTrait.php(70): OpenApi\\Loggers\\DefaultLogger->log()
#4 /var/www/html/vendor/zircote/swagger-php/src/Analysers/DocBlockParser.php(74): Psr\\Log\\AbstractLogger->error()
#5 /var/www/html/vendor/zircote/swagger-php/src/Analysers/DocBlockAnnotationFactory.php(53): OpenApi\\Analysers\\DocBlockParser->fromComment()
#6 /var/www/html/vendor/zircote/swagger-php/src/Analysers/ReflectionAnalyser.php(133): OpenApi\\Analysers\\DocBlockAnnotationFactory->build()
#7 /var/www/html/vendor/zircote/swagger-php/src/Analysers/ReflectionAnalyser.php(57): OpenApi\\Analysers\\ReflectionAnalyser->analyzeFqdn()
#8 /var/www/html/vendor/zircote/swagger-php/src/Generator.php(493): OpenApi\\Analysers\\ReflectionAnalyser->fromFile()
#9 /var/www/html/vendor/zircote/swagger-php/src/Generator.php(455): OpenApi\\Generator->scanSources()
#10 /var/www/html/vendor/darkaonline/l5-swagger/src/Generator.php(191): OpenApi\\Generator->generate()
#11 /var/www/html/vendor/darkaonline/l5-swagger/src/Generator.php(132): L5Swagger\\Generator->scanFilesForDocumentation()
#12 /var/www/html/vendor/darkaonline/l5-swagger/src/Console/GenerateDocsCommand.php(72): L5Swagger\\Generator->generateDocs()
#13 /var/www/html/vendor/darkaonline/l5-swagger/src/Console/GenerateDocsCommand.php(58): L5Swagger\\Console\\GenerateDocsCommand->generateDocumentation()
#14 /var/www/html/vendor/laravel/framework/src/Illuminate/Container/BoundMethod.php(36): L5Swagger\\Console\\GenerateDocsCommand->handle()
#15 /var/www/html/vendor/laravel/framework/src/Illuminate/Container/Util.php(41): Illuminate\\Container\\BoundMethod::Illuminate\\Container\\{closure}()
#16 /var/www/html/vendor/laravel/framework/src/Illuminate/Container/BoundMethod.php(93): Illuminate\\Container\\Util::unwrapIfClosure()
#17 /var/www/html/vendor/laravel/framework/src/Illuminate/Container/BoundMethod.php(37): Illuminate\\Container\\BoundMethod::callBoundMethod()
#18 /var/www/html/vendor/laravel/framework/src/Illuminate/Container/Container.php(661): Illuminate\\Container\\BoundMethod::call()
#19 /var/www/html/vendor/laravel/framework/src/Illuminate/Console/Command.php(183): Illuminate\\Container\\Container->call()
#20 /var/www/html/vendor/symfony/console/Command/Command.php(312): Illuminate\\Console\\Command->execute()
#21 /var/www/html/vendor/laravel/framework/src/Illuminate/Console/Command.php(153): Symfony\\Component\\Console\\Command\\Command->run()
#22 /var/www/html/vendor/symfony/console/Application.php(1022): Illuminate\\Console\\Command->run()
#23 /var/www/html/vendor/symfony/console/Application.php(314): Symfony\\Component\\Console\\Application->doRunCommand()
#24 /var/www/html/vendor/symfony/console/Application.php(168): Symfony\\Component\\Console\\Application->doRun()
#25 /var/www/html/vendor/laravel/framework/src/Illuminate/Console/Application.php(102): Symfony\\Component\\Console\\Application->run()
#26 /var/www/html/vendor/laravel/framework/src/Illuminate/Foundation/Console/Kernel.php(155): Illuminate\\Console\\Application->run()
#27 /var/www/html/artisan(37): Illuminate\\Foundation\\Console\\Kernel->handle()
#28 {main}
"} 
[2023-04-25 20:02:46] local.ERROR: [Creation Error] An error occurred while instantiating the annotation @OA\Parameter declared on \App\Http\Controllers\Api\UserController->index() in /var/www/html/app/Http/Controllers/Api/UserController.php on line 46: "Unexpected field "type" for @OA\Parameter(name="perPage",in="query"), expecting "x", "ref", "parameter", "name", "in", "description", "required", "deprecated", "allowEmptyValue", "style", "explode", "allowReserved", "schema", "example", "examples", "content", "matrix", "label", "form", "simple", "spaceDelimited", "pipeDelimited", "deepObject" in \App\Http\Controllers\Api\UserController->index() in /var/www/html/app/Http/Controllers/Api/UserController.php on line 46".; file=/var/www/html/app/Http/Controllers/Api/UserController.php {"exception":"[object] (ErrorException(code: 0): [Creation Error] An error occurred while instantiating the annotation @OA\\Parameter declared on \\App\\Http\\Controllers\\Api\\UserController->index() in /var/www/html/app/Http/Controllers/Api/UserController.php on line 46: \"Unexpected field \"type\" for @OA\\Parameter(name=\"perPage\",in=\"query\"), expecting \"x\", \"ref\", \"parameter\", \"name\", \"in\", \"description\", \"required\", \"deprecated\", \"allowEmptyValue\", \"style\", \"explode\", \"allowReserved\", \"schema\", \"example\", \"examples\", \"content\", \"matrix\", \"label\", \"form\", \"simple\", \"spaceDelimited\", \"pipeDelimited\", \"deepObject\" in \\App\\Http\\Controllers\\Api\\UserController->index() in /var/www/html/app/Http/Controllers/Api/UserController.php on line 46\".; file=/var/www/html/app/Http/Controllers/Api/UserController.php at /var/www/html/vendor/zircote/swagger-php/src/Loggers/DefaultLogger.php:31)
[stacktrace]
#0 /var/www/html/vendor/laravel/framework/src/Illuminate/Foundation/Bootstrap/HandleExceptions.php(270): Illuminate\\Foundation\\Bootstrap\\HandleExceptions->handleError()
#1 [internal function]: Illuminate\\Foundation\\Bootstrap\\HandleExceptions->Illuminate\\Foundation\\Bootstrap\\{closure}()
#2 /var/www/html/vendor/zircote/swagger-php/src/Loggers/DefaultLogger.php(31): trigger_error()
#3 /var/www/html/vendor/psr/log/src/LoggerTrait.php(70): OpenApi\\Loggers\\DefaultLogger->log()
#4 /var/www/html/vendor/zircote/swagger-php/src/Analysers/DocBlockParser.php(74): Psr\\Log\\AbstractLogger->error()
#5 /var/www/html/vendor/zircote/swagger-php/src/Analysers/DocBlockAnnotationFactory.php(53): OpenApi\\Analysers\\DocBlockParser->fromComment()
#6 /var/www/html/vendor/zircote/swagger-php/src/Analysers/ReflectionAnalyser.php(133): OpenApi\\Analysers\\DocBlockAnnotationFactory->build()
#7 /var/www/html/vendor/zircote/swagger-php/src/Analysers/ReflectionAnalyser.php(57): OpenApi\\Analysers\\ReflectionAnalyser->analyzeFqdn()
#8 /var/www/html/vendor/zircote/swagger-php/src/Generator.php(493): OpenApi\\Analysers\\ReflectionAnalyser->fromFile()
#9 /var/www/html/vendor/zircote/swagger-php/src/Generator.php(455): OpenApi\\Generator->scanSources()
#10 /var/www/html/vendor/darkaonline/l5-swagger/src/Generator.php(191): OpenApi\\Generator->generate()
#11 /var/www/html/vendor/darkaonline/l5-swagger/src/Generator.php(132): L5Swagger\\Generator->scanFilesForDocumentation()
#12 /var/www/html/vendor/darkaonline/l5-swagger/src/Console/GenerateDocsCommand.php(72): L5Swagger\\Generator->generateDocs()
#13 /var/www/html/vendor/darkaonline/l5-swagger/src/Console/GenerateDocsCommand.php(58): L5Swagger\\Console\\GenerateDocsCommand->generateDocumentation()
#14 /var/www/html/vendor/laravel/framework/src/Illuminate/Container/BoundMethod.php(36): L5Swagger\\Console\\GenerateDocsCommand->handle()
#15 /var/www/html/vendor/laravel/framework/src/Illuminate/Container/Util.php(41): Illuminate\\Container\\BoundMethod::Illuminate\\Container\\{closure}()
#16 /var/www/html/vendor/laravel/framework/src/Illuminate/Container/BoundMethod.php(93): Illuminate\\Container\\Util::unwrapIfClosure()
#17 /var/www/html/vendor/laravel/framework/src/Illuminate/Container/BoundMethod.php(37): Illuminate\\Container\\BoundMethod::callBoundMethod()
#18 /var/www/html/vendor/laravel/framework/src/Illuminate/Container/Container.php(661): Illuminate\\Container\\BoundMethod::call()
#19 /var/www/html/vendor/laravel/framework/src/Illuminate/Console/Command.php(183): Illuminate\\Container\\Container->call()
#20 /var/www/html/vendor/symfony/console/Command/Command.php(312): Illuminate\\Console\\Command->execute()
#21 /var/www/html/vendor/laravel/framework/src/Illuminate/Console/Command.php(153): Symfony\\Component\\Console\\Command\\Command->run()
#22 /var/www/html/vendor/symfony/console/Application.php(1022): Illuminate\\Console\\Command->run()
#23 /var/www/html/vendor/symfony/console/Application.php(314): Symfony\\Component\\Console\\Application->doRunCommand()
#24 /var/www/html/vendor/symfony/console/Application.php(168): Symfony\\Component\\Console\\Application->doRun()
#25 /var/www/html/vendor/laravel/framework/src/Illuminate/Console/Application.php(102): Symfony\\Component\\Console\\Application->run()
#26 /var/www/html/vendor/laravel/framework/src/Illuminate/Foundation/Console/Kernel.php(155): Illuminate\\Console\\Application->run()
#27 /var/www/html/artisan(37): Illuminate\\Foundation\\Console\\Kernel->handle()
#28 {main}
"} 
